[debug] [2021-04-19T05:30:49.346Z] ----------------------------------------------------------------------
[debug] [2021-04-19T05:30:49.348Z] Command:       C:\Program Files\nodejs\node.exe C:\Users\Home-PC\AppData\Roaming\npm\node_modules\firebase-tools\lib\bin\firebase.js emulators:start
[debug] [2021-04-19T05:30:49.348Z] CLI Version:   9.10.0
[debug] [2021-04-19T05:30:49.348Z] Platform:      win32
[debug] [2021-04-19T05:30:49.348Z] Node Version:  v14.16.0
[debug] [2021-04-19T05:30:49.355Z] Time:          Mon Apr 19 2021 11:00:49 GMT+0530 (India Standard Time)
[debug] [2021-04-19T05:30:49.355Z] ----------------------------------------------------------------------
[debug] 
[debug] [2021-04-19T05:30:49.357Z] >>> [apiv2][query] GET https://firebase-public.firebaseio.com/cli.json [none]
[debug] [2021-04-19T05:30:49.392Z] > command requires scopes: ["email","openid","https://www.googleapis.com/auth/cloudplatformprojects.readonly","https://www.googleapis.com/auth/firebase","https://www.googleapis.com/auth/cloud-platform"]
[debug] [2021-04-19T05:30:49.393Z] > authorizing via signed-in user (sashisam10@gmail.com)
[info] i  emulators: Starting emulators: functions, hosting {"metadata":{"emulator":{"name":"hub"},"message":"Starting emulators: functions, hosting"}}
[debug] [2021-04-19T05:30:50.410Z] [hub] writing locator at C:\Users\Home-PC\AppData\Local\Temp\hub-clone-9872a.json
[warn] !  functions: The following emulators are not running, calls to these services from the Functions emulator will affect production: auth, firestore, database, pubsub {"metadata":{"emulator":{"name":"functions"},"message":"The following emulators are not running, calls to these services from the Functions emulator will affect production: \u001b[1mauth, firestore, database, pubsub\u001b[22m"}}
[warn] !  Your requested "node" version "12" doesn't match your global version "14" {"metadata":{"emulator":{"name":"functions"},"message":"Your requested \"node\" version \"12\" doesn't match your global version \"14\""}}
[debug] [2021-04-19T05:30:51.448Z] defaultcredentials: writing to file C:\Users\Home-PC\AppData\Roaming\firebase\sashisam10_gmail_com_application_default_credentials.json
[debug] [2021-04-19T05:30:51.450Z] Setting GAC to C:\Users\Home-PC\AppData\Roaming\firebase\sashisam10_gmail_com_application_default_credentials.json {"metadata":{"emulator":{"name":"functions"},"message":"Setting GAC to C:\\Users\\Home-PC\\AppData\\Roaming\\firebase\\sashisam10_gmail_com_application_default_credentials.json"}}
[debug] [2021-04-19T05:30:51.451Z] > refreshing access token with scopes: []
[debug] [2021-04-19T05:30:51.451Z] >>> HTTP REQUEST POST https://www.googleapis.com/oauth2/v3/token  
 <request body omitted>
[debug] [2021-04-19T05:30:51.546Z] <<< [apiv2][status] GET https://firebase-public.firebaseio.com/cli.json 200
[debug] [2021-04-19T05:30:51.546Z] <<< [apiv2][body] GET https://firebase-public.firebaseio.com/cli.json {"cloudBuildErrorAfter":1594252800000,"cloudBuildWarnAfter":1590019200000,"defaultNode10After":1594252800000,"minVersion":"3.0.5","node8DeploysDisabledAfter":1613390400000,"node8RuntimeDisabledAfter":1615809600000,"node8WarnAfter":1600128000000}
[debug] [2021-04-19T05:30:51.723Z] <<< HTTP RESPONSE 200 {"expires":"Mon, 01 Jan 1990 00:00:00 GMT","pragma":"no-cache","date":"Mon, 19 Apr 2021 05:30:51 GMT","cache-control":"no-cache, no-store, max-age=0, must-revalidate","content-type":"application/json; charset=utf-8","vary":"X-Origin, Referer, Origin,Accept-Encoding","server":"scaffolding on HTTPServer2","x-xss-protection":"0","x-frame-options":"SAMEORIGIN","x-content-type-options":"nosniff","alt-svc":"h3-29=\":443\"; ma=2592000,h3-T051=\":443\"; ma=2592000,h3-Q050=\":443\"; ma=2592000,h3-Q046=\":443\"; ma=2592000,h3-Q043=\":443\"; ma=2592000,quic=\":443\"; ma=2592000; v=\"46,43\"","accept-ranges":"none","transfer-encoding":"chunked"}
[debug] [2021-04-19T05:30:51.730Z] >>> [apiv2][query] GET https://firebase.googleapis.com/v1beta1/projects/clone-9872a/adminSdkConfig [none]
[debug] [2021-04-19T05:30:52.525Z] <<< [apiv2][status] GET https://firebase.googleapis.com/v1beta1/projects/clone-9872a/adminSdkConfig 200
[debug] [2021-04-19T05:30:52.525Z] <<< [apiv2][body] GET https://firebase.googleapis.com/v1beta1/projects/clone-9872a/adminSdkConfig {"projectId":"clone-9872a","storageBucket":"clone-9872a.appspot.com","locationId":"us-central"}
[debug] [2021-04-19T05:30:53.535Z] >>> [apiv2][query] GET https://firebase.googleapis.com/v1beta1/projects/clone-9872a/webApps/-/config [none]
[debug] [2021-04-19T05:30:54.929Z] <<< [apiv2][status] GET https://firebase.googleapis.com/v1beta1/projects/clone-9872a/webApps/-/config 200
[debug] [2021-04-19T05:30:54.929Z] <<< [apiv2][body] GET https://firebase.googleapis.com/v1beta1/projects/clone-9872a/webApps/-/config {"projectId":"clone-9872a","appId":"1:528661208319:web:988b96d5455dd5a5dc00ca","storageBucket":"clone-9872a.appspot.com","locationId":"us-central","apiKey":"AIzaSyCAyABZLNTlhHo9Ey-GgbufDlLkIpK4JcY","authDomain":"clone-9872a.firebaseapp.com","messagingSenderId":"528661208319","measurementId":"G-XFZ69GJ8Z2"}
[info] i  hosting: Serving hosting files from: build {"metadata":{"emulator":{"name":"hosting"},"message":"Serving hosting files from: \u001b[1mbuild\u001b[22m"}}
[info] +  hosting: Local server: http://localhost:5000 {"metadata":{"emulator":{"name":"hosting"},"message":"Local server: \u001b[4m\u001b[1mhttp://localhost:5000\u001b[22m\u001b[24m"}}
[debug] [2021-04-19T05:30:56.975Z] Ignoring unsupported arg: auto_download {"metadata":{"emulator":{"name":"ui"},"message":"Ignoring unsupported arg: auto_download"}}
[debug] [2021-04-19T05:30:56.975Z] Ignoring unsupported arg: port {"metadata":{"emulator":{"name":"ui"},"message":"Ignoring unsupported arg: port"}}
[debug] [2021-04-19T05:30:56.975Z] Starting Emulator UI with command {"binary":"node","args":["C:\\Users\\Home-PC\\.cache\\firebase\\emulators\\ui-v1.4.2\\server.bundle.js"],"optionalArgs":[],"joinArgs":false} {"metadata":{"emulator":{"name":"ui"},"message":"Starting Emulator UI with command {\"binary\":\"node\",\"args\":[\"C:\\\\Users\\\\Home-PC\\\\.cache\\\\firebase\\\\emulators\\\\ui-v1.4.2\\\\server.bundle.js\"],\"optionalArgs\":[],\"joinArgs\":false}"}}
[info] i  ui: Emulator UI logging to ui-debug.log {"metadata":{"emulator":{"name":"ui"},"message":"Emulator UI logging to \u001b[1mui-debug.log\u001b[22m"}}
[debug] [2021-04-19T05:30:57.061Z] Web / API server started at http://localhost:4000
 {"metadata":{"emulator":{"name":"ui"},"message":"Web / API server started at http://localhost:4000\n"}}
[info] i  functions: Watching "D:\Amazon-clone\amazon-clone\functions" for Cloud Functions... {"metadata":{"emulator":{"name":"functions"},"message":"Watching \"D:\\Amazon-clone\\amazon-clone\\functions\" for Cloud Functions..."}}
[debug] [2021-04-19T05:30:57.492Z] [worker-pool] addWorker(~diagnostic~) {"metadata":{"emulator":{"name":"functions"},"message":"[worker-pool] addWorker(~diagnostic~)"}}
[debug] [2021-04-19T05:30:57.492Z] [worker-pool] Adding worker with key ~diagnostic~, total=1 {"metadata":{"emulator":{"name":"functions"},"message":"[worker-pool] Adding worker with key ~diagnostic~, total=1"}}
[debug] [2021-04-19T05:30:57.492Z] [worker-pool] submitWork(triggerId=) {"metadata":{"emulator":{"name":"functions"},"message":"[worker-pool] submitWork(triggerId=)"}}
[debug] [2021-04-19T05:30:57.492Z] [worker-~diagnostic~-68686b65-921d-4e3e-9281-6050e143ede6]: Assigning socketPath: \\?\pipe\D:\Amazon-clone\amazon-clone\functions\21756 {"metadata":{"emulator":{"name":"functions"},"message":"[worker-~diagnostic~-68686b65-921d-4e3e-9281-6050e143ede6]: Assigning socketPath: \\\\?\\pipe\\D:\\Amazon-clone\\amazon-clone\\functions\\21756"}}
[debug] [2021-04-19T05:30:57.493Z] [worker-~diagnostic~-68686b65-921d-4e3e-9281-6050e143ede6]: BUSY {"metadata":{"emulator":{"name":"functions"},"message":"[worker-~diagnostic~-68686b65-921d-4e3e-9281-6050e143ede6]: BUSY"}}
